app/build/outputs/logs/manifest-merger-debug-report.txt
-- Merging decision tree log ---
manifest
ADDED from src\main\AndroidManifest.xml:2:1-34:12
INJECTED from src\main\AndroidManifest.xml:2:1-34:12
INJECTED from src\main\AndroidManifest.xml:2:1-34:12
INJECTED from src\main\AndroidManifest.xml:2:1-34:12
INJECTED from src\main\AndroidManifest.xml:2:1-34:12
INJECTED from src\main\AndroidManifest.xml:2:1-34:12
INJECTED from src\main\AndroidManifest.xml:2:1-34:12
	package
		ADDED from src\main\AndroidManifest.xml:3:5-62
		INJECTED from src\main\AndroidManifest.xml
		INJECTED from src\main\AndroidManifest.xml
	android:versionName
		INJECTED from src\main\AndroidManifest.xml
		ADDED from src\main\AndroidManifest.xml:2:1-34:12
		INJECTED from src\main\AndroidManifest.xml
	android:versionCode
		INJECTED from src\main\AndroidManifest.xml
		ADDED from src\main\AndroidManifest.xml:2:1-34:12
		INJECTED from src\main\AndroidManifest.xml
	xmlns:android
		ADDED from src\main\AndroidManifest.xml:2:11-69
	android:installLocation
		ADDED from src\main\AndroidManifest.xml:4:5-35
uses-feature#android.hardware.camera
ADDED from src\main\AndroidManifest.xml:6:5-60
	android:name
		ADDED from src\main\AndroidManifest.xml:6:19-57
uses-permission#android.permission.CAMERA
ADDED from src\main\AndroidManifest.xml:8:5-65
	android:name
		ADDED from src\main\AndroidManifest.xml:8:22-62
application
ADDED from src\main\AndroidManifest.xml:10:5-32:19
	android:supportsRtl
		ADDED from src\main\AndroidManifest.xml:16:9-37
	android:label
		ADDED from src\main\AndroidManifest.xml:15:9-37
	android:hardwareAccelerated
		ADDED from src\main\AndroidManifest.xml:13:9-43
	android:fullBackupContent
		ADDED from src\main\AndroidManifest.xml:12:9-42
	android:icon
		ADDED from src\main\AndroidManifest.xml:14:9-38
	android:allowBackup
		ADDED from src\main\AndroidManifest.xml:11:9-35
	android:theme
		ADDED from src\main\AndroidManifest.xml:17:9-47
meta-data#com.google.android.gms.version
ADDED from src\main\AndroidManifest.xml:18:9-20:69
	android:value
		ADDED from src\main\AndroidManifest.xml:20:13-66
	android:name
		ADDED from src\main\AndroidManifest.xml:19:13-58
meta-data#com.google.android.gms.vision.DEPENDENCIES
ADDED from src\main\AndroidManifest.xml:21:9-23:35
	android:value
		ADDED from src\main\AndroidManifest.xml:23:13-32
	android:name
		ADDED from src\main\AndroidManifest.xml:22:13-70
activity#com.google.android.gms.samples.vision.ocrreader.OcrCaptureActivity
ADDED from src\main\AndroidManifest.xml:25:9-31:20
	android:label
		ADDED from src\main\AndroidManifest.xml:26:13-38
	android:name
		ADDED from src\main\AndroidManifest.xml:25:19-100
intent-filter#action:name:android.intent.action.MAIN+category:name:android.intent.category.LAUNCHER
ADDED from src\main\AndroidManifest.xml:27:13-30:29
action#android.intent.action.MAIN
ADDED from src\main\AndroidManifest.xml:28:17-69
	android:name
		ADDED from src\main\AndroidManifest.xml:28:25-66
category#android.intent.category.LAUNCHER
ADDED from src\main\AndroidManifest.xml:29:17-77
	android:name
		ADDED from src\main\AndroidManifest.xml:29:27-74
uses-sdk
INJECTED from src\main\AndroidManifest.xml reason: use-sdk injection requested
INJECTED from src\main\AndroidManifest.xml
INJECTED from src\main\AndroidManifest.xml
INJECTED from src\main\AndroidManifest.xml
INJECTED from src\main\AndroidManifest.xml
	android:targetSdkVersion
		INJECTED from src\main\AndroidManifest.xml
		ADDED from src\main\AndroidManifest.xml
		INJECTED from src\main\AndroidManifest.xml
	android:minSdkVersion
		INJECTED from src\main\AndroidManifest.xml
		ADDED from src\main\AndroidManifest.xml
		INJECTED from src\main\AndroidManifest.xml